PLINK v1.90b4.9 64-bit (13 Oct 2017)
Options in effect:
  --bfile RefInd1_ext2
  --bmerge unk7.bed unk7.bim unk7.fam
  --make-bed
  --out MergeRef2

Hostname: rackham1.uppmax.uu.se
Working directory: /crex/proj/snic2019-8-208/Workshop/working_folder
Start time: Fri Jun 14 13:54:23 2019

Random number seed: 1560513263
257386 MB RAM detected; reserving 128693 MB for main workspace.
1 person loaded from RefInd1_ext2.fam.
79 people to be merged from unk7.fam.
Of these, 79 are new, while 0 are present in the base dataset.
94671 markers loaded from RefInd1_ext2.bim.
94671 markers to be merged from unk7.bim.
Of these, 0 are new, while 94671 are present in the base dataset.
Warning: Variants 'rs8114746' and 'rs2258142' have the same position.
Warning: Variants 'rs4142304' and 'kgp5378833' have the same position.
Warning: Variants 'rs4630831' and 'kgp19338623' have the same position.
Warning: Variants 'rs6033035' and 'kgp19278372' have the same position.
Warning: Variants 'rs6035100' and 'kgp19209917' have the same position.
Warning: Variants 'rs1891227' and 'kgp8672316' have the same position.
Warning: Variants 'rs6113352' and 'kgp553816' have the same position.
Warning: Variants 'rs2325900' and 'kgp1986682' have the same position.
Warning: Variants 'rs3761248' and 'kgp9355247' have the same position.
Warning: Variants 'rs999409' and 'kgp9586522' have the same position.
Warning: Variants 'rs6115798' and 'kgp19232567' have the same position.
Warning: Variants 'rs2281504' and 'kgp19363141' have the same position.
Warning: Variants 'rs6107308' and 'kgp19216140' have the same position.
Warning: Variants 'rs3918396' and 'kgp4702727' have the same position.
Warning: Variants 'rs28360799' and 'kgp19228441' have the same position.
Warning: Variants 'rs7271315' and 'kgp19179462' have the same position.
Warning: Variants 'rs6052876' and 'kgp19290214' have the same position.
Warning: Variants 'rs3818196' and 'kgp10108802' have the same position.
Warning: Variants 'rs743180' and 'kgp19347717' have the same position.
Warning: Variants 'rs6107814' and 'kgp8296024' have the same position.
Warning: Variants 'rs1049007' and 'kgp659711' have the same position.
Warning: Variants 'rs6055670' and 'kgp7866624' have the same position.
Warning: Variants 'rs8118206' and 'kgp19229973' have the same position.
Warning: Variants 'rs10485732' and 'kgp842627' have the same position.
Warning: Variants 'rs7260784' and 'kgp19294449' have the same position.
Warning: Variants 'rs6040067' and 'kgp19393582' have the same position.
Warning: Variants 'rs1883950' and 'kgp11195484' have the same position.
Warning: Variants 'rs6041262' and 'kgp8380172' have the same position.
Warning: Variants 'rs13039010' and 'kgp11463492' have the same position.
Warning: Variants 'rs6134980' and 'kgp5614222' have the same position.
Warning: Variants 'rs6079411' and 'kgp975016' have the same position.
Warning: Variants 'rs449828' and 'kgp5766574' have the same position.
Warning: Variants 'rs1151925' and 'kgp468181' have the same position.
Warning: Variants 'rs6043402' and 'kgp9830533' have the same position.
Warning: Variants 'rs8123195' and 'kgp1904939' have the same position.
Warning: Variants 'rs2236144' and 'kgp4178538' have the same position.
Warning: Variants 'rs6034572' and 'kgp163922' have the same position.
Warning: Variants 'rs17750573' and 'kgp9178775' have the same position.
Warning: Variants 'rs6106082' and 'kgp11883124' have the same position.
Warning: Variants 'rs6113094' and 'kgp568930' have the same position.
Warning: Variants 'rs6082281' and 'kgp5354259' have the same position.
Warning: Variants 'rs1203890' and 'kgp19407416' have the same position.
Warning: Variants 'rs6036393' and 'kgp1900747' have the same position.
Warning: Variants 'rs364722' and 'kgp19369813' have the same position.
Warning: Variants 'rs3746600' and 'kgp5648717' have the same position.
Warning: Variants 'rs6579005' and 'kgp19278839' have the same position.
Warning: Variants 'rs17123951' and 'kgp19237227' have the same position.
Warning: Variants 'rs6059139' and 'kgp190595' have the same position.
Warning: Variants 'rs7260921' and 'kgp19369013' have the same position.
Warning: Variants 'rs17092208' and 'kgp19379193' have the same position.
Warning: Variants 'rs7262072' and 'kgp19200696' have the same position.
Warning: Variants 'rs17092928' and 'kgp19245278' have the same position.
Warning: Variants 'rs7266316' and 'kgp19197453' have the same position.
Warning: Variants 'rs17093446' and 'kgp19382777' have the same position.
Warning: Variants 'rs6101647' and 'kgp19368488' have the same position.
Warning: Variants 'rs5741804' and 'kgp955577' have the same position.
Warning: Variants 'rs5741809' and 'kgp7938577' have the same position.
Warning: Variants 'rs2232619' and 'kgp19225761' have the same position.
Warning: Variants 'rs6026793' and 'kgp1959006' have the same position.
Warning: Variants 'rs6027580' and 'kgp2418916' have the same position.
Warning: Variants 'rs6065171' and 'kgp5395379' have the same position.
Warning: Variants 'rs230171' and 'kgp7833529' have the same position.
Warning: Variants 'rs6030948' and 'kgp19318994' have the same position.
Warning: Variants 'rs11556377' and 'kgp19302053' have the same position.
Warning: Variants 'rs6103584' and 'kgp19411392' have the same position.
Warning: Variants 'rs2233897' and 'kgp19396058' have the same position.
Warning: Variants 'rs8282' and 'kgp19240613' have the same position.
Warning: Variants 'rs2233106' and 'kgp19362541' have the same position.
Warning: Variants 'rs3746593' and 'kgp369214' have the same position.
Warning: Variants 'rs2231838' and 'kgp19391248' have the same position.
Warning: Variants 'rs6104205' and 'kgp19355698' have the same position.
Warning: Variants 'rs35280117' and 'kgp19249453' have the same position.
Warning: Variants 'rs3746525' and 'kgp19273282' have the same position.
Warning: Variants 'rs3746500' and 'kgp11919448' have the same position.
Warning: Variants 'rs3827040' and 'kgp6236466' have the same position.
Warning: Variants 'rs25649' and 'kgp19305263' have the same position.
Warning: Variants 'rs1888235' and 'kgp5755136' have the same position.
Warning: Variants 'rs13925' and 'kgp5474569' have the same position.
Warning: Variants 'rs2257495' and 'kgp8911907' have the same position.
Warning: Variants 'rs6094438' and 'kgp22827650' have the same position.
Warning: Variants 'rs6090662' and 'kgp19241786' have the same position.
Warning: Variants 'rs6094766' and 'kgp6000574' have the same position.
Warning: Variants 'rs6125207' and 'kgp4127196' have the same position.
Warning: Variants 'rs2281287' and 'kgp19276266' have the same position.
Warning: Variants 'rs1888086' and 'kgp19222013' have the same position.
Warning: Variants 'rs6091230' and 'kgp19392398' have the same position.
Warning: Variants 'rs1062651' and 'kgp10605002' have the same position.
Warning: Variants 'rs8122541' and 'kgp19253028' have the same position.
Warning: Variants 'rs7261263' and 'kgp19184812' have the same position.
Warning: Variants 'rs6096295' and 'kgp19324185' have the same position.
Warning: Variants 'rs17198824' and 'kgp19275028' have the same position.
Warning: Variants 'rs6096297' and 'kgp19371347' have the same position.
Warning: Variants 'rs6096329' and 'kgp19229198' have the same position.
Warning: Variants 'rs11696332' and 'kgp11147891' have the same position.
Warning: Variants 'rs6096360' and 'kgp19389049' have the same position.
Warning: Variants 'rs6013144' and 'kgp19213302' have the same position.
Warning: Variants 'rs16995999' and 'kgp19186773' have the same position.
Warning: Variants 'rs3827043' and 'kgp8215119' have the same position.
Warning: Variants 'rs8119121' and 'kgp8388270' have the same position.
Warning: Variants 'rs6097490' and 'kgp19237736' have the same position.
Warning: Variants 'rs6097643' and 'kgp19308061' have the same position.
Warning: Variants 'rs16999060' and 'kgp19354544' have the same position.
Warning: Variants 'rs7272702' and 'kgp19216034' have the same position.
Warning: Variants 'rs3746627' and 'kgp19373135' have the same position.
Warning: Variants 'rs6099216' and 'kgp19252609' have the same position.
Warning: Variants 'rs1321863' and 'kgp507520' have the same position.
Warning: Variants 'rs16980782' and 'kgp19230660' have the same position.
Warning: Variants 'rs6123702' and 'kgp3079678' have the same position.
Warning: Variants 'rs6092491' and 'kgp19282105' have the same position.
Warning: Variants 'rs6026365' and 'kgp939080' have the same position.
Warning: Variants 'rs8116292' and 'kgp19297880' have the same position.
Warning: Variants 'rs8386' and 'kgp8569109' have the same position.
Warning: Variants 'rs7270917' and 'kgp10654768' have the same position.
Warning: Variants 'rs11570358' and 'kgp19194532' have the same position.
Warning: Variants 'rs6027185' and 'kgp19259328' have the same position.
Warning: Variants 'rs181375' and 'kgp3529433' have the same position.
Warning: Variants 'rs6015743' and 'kgp3706335' have the same position.
Warning: Variants 'rs17207852' and 'rs17001860' have the same position.
Warning: Variants 'rs1929150' and 'rs17207852' have the same position.
Warning: Variants 'rs1985740' and 'rs1929150' have the same position.
Warning: Variants 'rs2150358' and 'rs1985740' have the same position.
Warning: Variants 'rs2334639' and 'rs2150358' have the same position.
Warning: Variants 'rs2775054' and 'rs2334639' have the same position.
Warning: Variants 'rs2775862' and 'rs2775054' have the same position.
Warning: Variants 'rs2775941' and 'rs2775862' have the same position.
Warning: Variants 'rs2792379' and 'rs2775941' have the same position.
Warning: Variants 'rs2821984' and 'rs2792379' have the same position.
Warning: Variants 'rs2822070' and 'rs2821984' have the same position.
Warning: Variants 'rs2822142' and 'rs2822070' have the same position.
Warning: Variants 'rs3132407' and 'rs2822142' have the same position.
Warning: Variants 'rs4919915' and 'rs3132407' have the same position.
Warning: Variants 'rs743068' and 'rs4919915' have the same position.
Warning: Variants 'rs8130901' and 'rs743068' have the same position.
Warning: Variants 'rs12329892' and 'kgp11482427' have the same position.
Warning: Variants 'rs151577' and 'kgp2952107' have the same position.
Warning: Variants 'rs2064032' and 'kgp1995233' have the same position.
Warning: Variants 'rs764063' and 'kgp521497' have the same position.
Warning: Variants 'rs2826976' and 'kgp7711194' have the same position.
Warning: Variants 'rs2827203' and 'kgp8440863' have the same position.
Warning: Variants 'rs11087866' and 'kgp3038040' have the same position.
Warning: Variants 'rs2829674' and 'kgp1391886' have the same position.
Warning: Variants 'rs9976382' and 'kgp13154499' have the same position.
Warning: Variants 'rs9982410' and 'kgp13142250' have the same position.
Warning: Variants 'rs2298657' and 'kgp10449226' have the same position.
Warning: Variants 'rs3746839' and 'kgp8146557' have the same position.
Warning: Variants 'rs16983591' and 'kgp13200457' have the same position.
Warning: Variants 'rs4817303' and 'kgp13192793' have the same position.
Warning: Variants 'rs8131735' and 'kgp13164150' have the same position.
Warning: Variants 'rs7280687' and 'kgp13152366' have the same position.
Warning: Variants 'rs7279142' and 'kgp13221593' have the same position.
Warning: Variants 'rs2833198' and 'kgp4108681' have the same position.
Warning: Variants 'rs16989211' and 'kgp13095297' have the same position.
Warning: Variants 'rs4817510' and 'kgp7356554' have the same position.
Warning: Variants 'rs7276171' and 'kgp4007955' have the same position.
Warning: Variants 'rs2850015' and 'kgp3199067' have the same position.
Warning: Variants 'rs17875834' and 'kgp13101191' have the same position.
Warning: Variants 'rs17875889' and 'kgp4925683' have the same position.
Warning: Variants 'rs11908823' and 'kgp13097848' have the same position.
Warning: Variants 'rs2242878' and 'kgp7059308' have the same position.
Warning: Variants 'rs12483148' and 'kgp11761430' have the same position.
Warning: Variants 'rs16993814' and 'kgp10986646' have the same position.
Warning: Variants 'rs2230191' and 'kgp13222975' have the same position.
Warning: Variants 'rs16999177' and 'kgp13154500' have the same position.
Warning: Variants 'rs2837765' and 'kgp873711' have the same position.
Warning: Variants 'rs11910678' and 'kgp13139698' have the same position.
Warning: Variants 'rs12626967' and 'kgp3723739' have the same position.
Warning: Variants 'rs9985096' and 'kgp5163633' have the same position.
Warning: Variants 'rs4148110' and 'kgp7255737' have the same position.
Warning: Variants 'rs17114952' and 'kgp13179154' have the same position.
Warning: Variants 'rs11908893' and 'kgp13093431' have the same position.
Warning: Variants 'rs2838463' and 'kgp13197206' have the same position.
Warning: Variants 'rs9974927' and 'kgp13164244' have the same position.
Warning: Variants 'rs4818719' and 'kgp13089446' have the same position.
Warning: Variants 'rs233231' and 'kgp9108737' have the same position.
Warning: Variants 'rs7282994' and 'kgp13173878' have the same position.
Warning: Variants 'rs16979409' and 'kgp13088255' have the same position.
Warning: Variants 'rs1062731' and 'rs1004236' have the same position.
Warning: Variants 'rs11090516' and 'rs1062731' have the same position.
Warning: Variants 'rs12106650' and 'rs11090516' have the same position.
Warning: Variants 'rs12170011' and 'rs12106650' have the same position.
Warning: Variants 'rs12330067' and 'rs12170011' have the same position.
Warning: Variants 'rs13054858' and 'rs12330067' have the same position.
Warning: Variants 'rs13056641' and 'rs13054858' have the same position.
Warning: Variants 'rs130743' and 'rs13056641' have the same position.
Warning: Variants 'rs140281' and 'rs130743' have the same position.
Warning: Variants 'rs140294' and 'rs140281' have the same position.
Warning: Variants 'rs16979433' and 'rs140294' have the same position.
Warning: Variants 'rs16981650' and 'rs16979433' have the same position.
Warning: Variants 'rs16981669' and 'rs16981650' have the same position.
Warning: Variants 'rs16985575' and 'rs16981669' have the same position.
Warning: Variants 'rs1883472' and 'rs16985575' have the same position.
Warning: Variants 'rs1997739' and 'rs1883472' have the same position.
Warning: Variants 'rs2190742' and 'rs1997739' have the same position.
Warning: Variants 'rs2413140' and 'rs2190742' have the same position.
Warning: Variants 'rs2413143' and 'rs2413140' have the same position.
Warning: Variants 'rs2740982' and 'rs2413143' have the same position.
Warning: Variants 'rs2740985' and 'rs2740982' have the same position.
Warning: Variants 'rs2740987' and 'rs2740985' have the same position.
Warning: Variants 'rs2740991' and 'rs2740987' have the same position.
Warning: Variants 'rs2740993' and 'rs2740991' have the same position.
Warning: Variants 'rs2845377' and 'rs2740993' have the same position.
Warning: Variants 'rs361799' and 'rs2845377' have the same position.
Warning: Variants 'rs3788477' and 'rs361799' have the same position.
Warning: Variants 'rs3788479' and 'rs3788477' have the same position.
Warning: Variants 'rs3788484' and 'rs3788479' have the same position.
Warning: Variants 'rs4552284' and 'rs3788484' have the same position.
Warning: Variants 'rs470033' and 'rs4552284' have the same position.
Warning: Variants 'rs470034' and 'rs470033' have the same position.
Warning: Variants 'rs4819887' and 'rs470034' have the same position.
Warning: Variants 'rs4820778' and 'rs4819887' have the same position.
Warning: Variants 'rs4821082' and 'rs4820778' have the same position.
Warning: Variants 'rs5748567' and 'rs4821082' have the same position.
Warning: Variants 'rs5748614' and 'rs5748567' have the same position.
Warning: Variants 'rs5748617' and 'rs5748614' have the same position.
Warning: Variants 'rs5748622' and 'rs5748617' have the same position.
Warning: Variants 'rs5748623' and 'rs5748622' have the same position.
Warning: Variants 'rs5748632' and 'rs5748623' have the same position.
Warning: Variants 'rs5748633' and 'rs5748632' have the same position.
Warning: Variants 'rs5748636' and 'rs5748633' have the same position.
Warning: Variants 'rs5749486' and 'rs5748636' have the same position.
Warning: Variants 'rs5752043' and 'rs5749486' have the same position.
Warning: Variants 'rs5752044' and 'rs5752043' have the same position.
Warning: Variants 'rs5752647' and 'rs5752044' have the same position.
Warning: Variants 'rs5760800' and 'rs5752647' have the same position.
Warning: Variants 'rs5760804' and 'rs5760800' have the same position.
Warning: Variants 'rs5760813' and 'rs5760804' have the same position.
Warning: Variants 'rs5996821' and 'rs5760813' have the same position.
Warning: Variants 'rs5998566' and 'rs5996821' have the same position.
Warning: Variants 'rs5998573' and 'rs5998566' have the same position.
Warning: Variants 'rs6004408' and 'rs5998573' have the same position.
Warning: Variants 'rs6005641' and 'rs6004408' have the same position.
Warning: Variants 'rs6005657' and 'rs6005641' have the same position.
Warning: Variants 'rs6010348' and 'rs6005657' have the same position.
Warning: Variants 'rs713696' and 'rs6010348' have the same position.
Warning: Variants 'rs722343' and 'rs713696' have the same position.
Warning: Variants 'rs7286373' and 'rs722343' have the same position.
Warning: Variants 'rs7290901' and 'rs7286373' have the same position.
Warning: Variants 'rs730647' and 'rs7290901' have the same position.
Warning: Variants 'rs742169' and 'rs730647' have the same position.
Warning: Variants 'rs759235' and 'rs742169' have the same position.
Warning: Variants 'rs80073' and 'rs759235' have the same position.
Warning: Variants 'rs8139612' and 'rs80073' have the same position.
Warning: Variants 'rs8140156' and 'rs8139612' have the same position.
Warning: Variants 'rs8142181' and 'rs8140156' have the same position.
Warning: Variants 'rs882455' and 'rs8142181' have the same position.
Warning: Variants 'rs882456' and 'rs882455' have the same position.
Warning: Variants 'rs916363' and 'rs882456' have the same position.
Warning: Variants 'rs9605075' and 'rs916363' have the same position.
Warning: Variants 'rs9605145' and 'rs9605075' have the same position.
Warning: Variants 'rs9605146' and 'rs9605145' have the same position.
Warning: Variants 'rs9606442' and 'rs9605146' have the same position.
Warning: Variants 'rs9617264' and 'rs9606442' have the same position.
Warning: Variants 'rs9624708' and 'rs9617264' have the same position.
Warning: Variants 'rs9624712' and 'rs9624708' have the same position.
Warning: Variants 'rs16981016' and 'kgp15012323' have the same position.
Warning: Variants 'rs8190315' and 'kgp1702681' have the same position.
Warning: Variants 'rs367922' and 'kgp1317302' have the same position.
Warning: Variants 'rs2298270' and 'kgp3268214' have the same position.
Warning: Variants 'rs9306217' and 'kgp3182226' have the same position.
Warning: Variants 'rs769224' and 'kgp1926293' have the same position.
Warning: Variants 'rs16982614' and 'kgp15089853' have the same position.
Warning: Variants 'rs8748' and 'kgp3501829' have the same position.
Warning: Variants 'rs13392' and 'kgp15035638' have the same position.
Warning: Variants 'rs11705259' and 'kgp11342478' have the same position.
Warning: Variants 'rs1557492' and 'kgp2782784' have the same position.
Warning: Variants 'rs7292680' and 'kgp15043294' have the same position.
Warning: Variants 'rs2330621' and 'kgp9606434' have the same position.
Warning: Variants 'rs28382575' and 'kgp15114599' have the same position.
Warning: Variants 'rs8137555' and 'kgp15078519' have the same position.
Warning: Variants 'rs9624395' and 'kgp1712605' have the same position.
Warning: Variants 'rs139683' and 'kgp6435177' have the same position.
Warning: Variants 'rs6004350' and 'kgp15094381' have the same position.
Warning: Variants 'rs9624666' and 'kgp15108245' have the same position.
Warning: Variants 'rs7289890' and 'kgp8776298' have the same position.
Warning: Variants 'rs4455261' and 'kgp15115018' have the same position.
Warning: Variants 'rs2294373' and 'kgp11986639' have the same position.
Warning: Variants 'rs4822622' and 'kgp3390015' have the same position.
Warning: Variants 'rs695633' and 'kgp15054774' have the same position.
Warning: Variants 'rs5997025' and 'kgp15016378' have the same position.
Warning: Variants 'rs137203' and 'kgp1400922' have the same position.
Warning: Variants 'rs6005042' and 'kgp6353309' have the same position.
Warning: Variants 'rs3747129' and 'kgp10703302' have the same position.
Warning: Variants 'rs6005189' and 'kgp2575441' have the same position.
Warning: Variants 'rs1003704' and 'kgp12116232' have the same position.
Warning: Variants 'rs79556' and 'kgp341383' have the same position.
Warning: Variants 'rs926833' and 'kgp10180073' have the same position.
Warning: Variants 'rs3819660' and 'kgp677005' have the same position.
Warning: Variants 'rs11705555' and 'kgp4679825' have the same position.
Warning: Variants 'rs5762426' and 'kgp7852780' have the same position.
Warning: Variants 'rs5752679' and 'kgp3003692' have the same position.
Warning: Variants 'rs9613658' and 'kgp7956758' have the same position.
Warning: Variants 'rs1805129' and 'kgp15093904' have the same position.
Warning: Variants 'rs16987090' and 'kgp1859002' have the same position.
Warning: Variants 'rs7290117' and 'kgp15062576' have the same position.
Warning: Variants 'rs6006100' and 'kgp15108324' have the same position.
Warning: Variants 'rs2302140' and 'kgp10666852' have the same position.
Warning: Variants 'rs469189' and 'kgp6964253' have the same position.
Warning: Variants 'rs1894473' and 'kgp5877574' have the same position.
Warning: Variants 'rs8142666' and 'kgp15113355' have the same position.
Warning: Variants 'rs16988458' and 'kgp15042184' have the same position.
Warning: Variants 'rs9619116' and 'kgp15050857' have the same position.
Warning: Variants 'rs8138701' and 'kgp15029949' have the same position.
Warning: Variants 'rs11913760' and 'kgp15016002' have the same position.
Warning: Variants 'rs5753535' and 'kgp15015408' have the same position.
Warning: Variants 'rs2295240' and 'kgp15020156' have the same position.
Warning: Variants 'rs16989535' and 'kgp1017656' have the same position.
Warning: Variants 'rs3747158' and 'kgp2860' have the same position.
Warning: Variants 'rs16990065' and 'kgp1867347' have the same position.
Warning: Variants 'rs16990176' and 'kgp7038978' have the same position.
Warning: Variants 'rs2076051' and 'kgp5838170' have the same position.
Warning: Variants 'rs2001051' and 'kgp1490178' have the same position.
Warning: Variants 'rs16991851' and 'kgp6273331' have the same position.
Warning: Variants 'rs16992592' and 'kgp507750' have the same position.
Warning: Variants 'rs5755046' and 'kgp1579481' have the same position.
Warning: Variants 'rs742296' and 'kgp3383258' have the same position.
Warning: Variants 'rs7291048' and 'kgp15008861' have the same position.
Warning: Variants 'rs6000213' and 'kgp3446082' have the same position.
Warning: Variants 'rs2072712' and 'kgp1269727' have the same position.
Warning: Variants 'rs9619658' and 'kgp6014969' have the same position.
Warning: Variants 'rs11704654' and 'kgp4534654' have the same position.
Warning: Variants 'rs3218329' and 'kgp15097514' have the same position.
Warning: Variants 'rs8142255' and 'kgp15015590' have the same position.
Warning: Variants 'rs1041895' and 'kgp4335704' have the same position.
Warning: Variants 'rs16998061' and 'kgp15058476' have the same position.
Warning: Variants 'rs5995472' and 'kgp9312941' have the same position.
Warning: Variants 'rs3026632' and 'kgp15100107' have the same position.
Warning: Variants 'rs12158999' and 'kgp15063430' have the same position.
Warning: Variants 'rs16998818' and 'kgp15041901' have the same position.
Warning: Variants 'rs135720' and 'kgp2373415' have the same position.
Warning: Variants 'rs105153' and 'kgp550571' have the same position.
Warning: Variants 'rs138436' and 'kgp9837909' have the same position.
Warning: Variants 'rs138437' and 'kgp9651461' have the same position.
Warning: Variants 'rs2227914' and 'kgp15000219' have the same position.
Warning: Variants 'rs16999173' and 'kgp5689459' have the same position.
Warning: Variants 'rs16999297' and 'kgp5035486' have the same position.
Warning: Variants 'rs16999301' and 'kgp7675896' have the same position.
Warning: Variants 'rs738142' and 'kgp4441992' have the same position.
Warning: Variants 'rs35898507' and 'kgp15086296' have the same position.
Warning: Variants 'rs33913356' and 'kgp15096121' have the same position.
Warning: Variants 'rs35618865' and 'kgp15076768' have the same position.
Warning: Variants 'rs17000956' and 'kgp8334518' have the same position.
Warning: Variants 'rs17001213' and 'kgp15018040' have the same position.
Warning: Variants 'rs8137469' and 'kgp12497790' have the same position.
Warning: Variants 'rs5995756' and 'kgp2687892' have the same position.
Warning: Variants 'rs8139570' and 'kgp14994039' have the same position.
Warning: Variants 'rs11914082' and 'kgp6122559' have the same position.
Warning: Variants 'rs17001585' and 'kgp696974' have the same position.
Warning: Variants 'rs11912126' and 'kgp15080144' have the same position.
Warning: Variants 'rs9623257' and 'kgp15079883' have the same position.
Warning: Variants 'rs2294979' and 'kgp15119914' have the same position.
Warning: Variants 'rs8136493' and 'kgp15050578' have the same position.
Warning: Variants 'rs5758350' and 'kgp15097462' have the same position.
Warning: Variants 'rs6002436' and 'kgp6708420' have the same position.
Warning: Variants 'rs11913145' and 'kgp15120182' have the same position.
Warning: Variants 'rs8141939' and 'kgp15051754' have the same position.
Warning: Variants 'rs6002563' and 'kgp15092040' have the same position.
Warning: Variants 'rs17002808' and 'kgp15081030' have the same position.
Warning: Variants 'rs17002832' and 'kgp15078461' have the same position.
Warning: Variants 'rs17002888' and 'kgp15061451' have the same position.
Warning: Variants 'rs17002890' and 'kgp15096465' have the same position.
Warning: Variants 'rs11539700' and 'kgp14992358' have the same position.
Warning: Variants 'rs739025' and 'kgp5072531' have the same position.
Warning: Variants 'rs5758881' and 'kgp9831385' have the same position.
Warning: Variants 'rs738527' and 'kgp4342700' have the same position.
Warning: Variants 'rs6003040' and 'kgp5450001' have the same position.
Warning: Variants 'rs139080' and 'kgp11144130' have the same position.
Warning: Variants 'rs4823209' and 'kgp9929428' have the same position.
Warning: Variants 'rs6006715' and 'kgp15068358' have the same position.
Warning: Variants 'rs4399828' and 'kgp7812218' have the same position.
Warning: Variants 'rs35086751' and 'kgp7741019' have the same position.
Warning: Variants 'rs11090720' and 'kgp10953382' have the same position.
Warning: Variants 'rs133838' and 'kgp1403595' have the same position.
Warning: Variants 'rs2349629' and 'kgp6052749' have the same position.
Warning: Variants 'rs16992915' and 'kgp15014650' have the same position.
Warning: Variants 'rs4823432' and 'kgp722035' have the same position.
Warning: Variants 'rs16993361' and 'kgp1944408' have the same position.
Warning: Variants 'rs9754334' and 'kgp15029110' have the same position.
Warning: Variants 'rs1044758' and 'kgp11429356' have the same position.
Warning: Variants 'rs3892755' and 'kgp11463648' have the same position.
Warning: Variants 'rs7286168' and 'kgp15079673' have the same position.
Warning: Variants 'rs16995138' and 'kgp15087748' have the same position.
Warning: Variants 'rs9306515' and 'kgp15026323' have the same position.
Warning: Variants 'rs8135194' and 'kgp6934425' have the same position.
Warning: Variants 'rs7292596' and 'kgp15058958' have the same position.
Warning: Variants 'rs6008558' and 'kgp9099263' have the same position.
Warning: Variants 'rs131137' and 'kgp10774550' have the same position.
Warning: Variants 'rs5768682' and 'kgp9878763' have the same position.
Warning: Variants 'rs4998643' and 'kgp4413720' have the same position.
Warning: Variants 'rs743803' and 'kgp5648516' have the same position.
Warning: Variants 'rs134458' and 'kgp3405004' have the same position.
Warning: Variants 'rs6009917' and 'kgp22793229' have the same position.
Performing single-pass merge (80 people, 94671 variants).
Merged fileset written to MergeRef2-merge.bed + MergeRef2-merge.bim +
MergeRef2-merge.fam .
94671 variants loaded from .bim file.
80 people (41 males, 38 females, 1 ambiguous) loaded from .fam.
Ambiguous sex ID written to MergeRef2.nosex .
Using 1 thread (no multithreaded calculations invoked).
Before main variant filters, 80 founders and 0 nonfounders present.
Calculating allele frequencies... done.
Total genotyping rate is 0.979332.
94671 variants and 80 people pass filters and QC.
Note: No phenotypes present.
--make-bed to MergeRef2.bed + MergeRef2.bim + MergeRef2.fam ... done.

End time: Fri Jun 14 13:54:23 2019
