PLINK v1.90b4.9 64-bit (13 Oct 2017)
Options in effect:
  --bfile MergeRefPop2
  --geno 0.1
  --make-bed
  --out MergeRefPop2fil

Hostname: rackham1.uppmax.uu.se
Working directory: /crex/proj/snic2019-8-208/Workshop/working_folder
Start time: Fri Jun 14 14:17:30 2019

Random number seed: 1560514650
257386 MB RAM detected; reserving 128693 MB for main workspace.
94671 variants loaded from .bim file.
140 people (64 males, 49 females, 27 ambiguous) loaded from .fam.
Ambiguous sex IDs written to MergeRefPop2fil.nosex .
Using 1 thread (no multithreaded calculations invoked).
Before main variant filters, 140 founders and 0 nonfounders present.
Calculating allele frequencies... done.
Total genotyping rate is 0.626989.
79789 variants removed due to missing genotype data (--geno).
14882 variants and 140 people pass filters and QC.
Note: No phenotypes present.
--make-bed to MergeRefPop2fil.bed + MergeRefPop2fil.bim + MergeRefPop2fil.fam
... done.

End time: Fri Jun 14 14:17:30 2019
