PLINK v1.90b4.9 64-bit (13 Oct 2017)
Options in effect:
  --bfile MergeRefPop2fil
  --make-bed
  --out MergeRefPop3
  --remove Refind1.fam

Hostname: rackham1.uppmax.uu.se
Working directory: /crex/proj/snic2019-8-208/Workshop/working_folder
Start time: Fri Jun 14 14:24:45 2019

Random number seed: 1560515085
257386 MB RAM detected; reserving 128693 MB for main workspace.
14882 variants loaded from .bim file.
140 people (64 males, 49 females, 27 ambiguous) loaded from .fam.
Ambiguous sex IDs written to MergeRefPop3.nosex .
--remove: 139 people remaining.
Using 1 thread (no multithreaded calculations invoked).
Before main variant filters, 139 founders and 0 nonfounders present.
Calculating allele frequencies... done.
Total genotyping rate in remaining samples is 0.987475.
14882 variants and 139 people pass filters and QC.
Note: No phenotypes present.
--make-bed to MergeRefPop3.bed + MergeRefPop3.bim + MergeRefPop3.fam ... done.

End time: Fri Jun 14 14:24:45 2019
