PLINK v1.90b4.9 64-bit (13 Oct 2017)
Options in effect:
  --bfile RefInd1_ext
  --exclude ATCGlist
  --make-bed
  --out RefInd1_ext2

Hostname: rackham1.uppmax.uu.se
Working directory: /crex/proj/snic2019-8-208/Workshop/working_folder
Start time: Fri Jun 14 13:52:38 2019

Random number seed: 1560513158
257386 MB RAM detected; reserving 128693 MB for main workspace.
97780 variants loaded from .bim file.
1 person (0 males, 0 females, 1 ambiguous) loaded from .fam.
Ambiguous sex ID written to RefInd1_ext2.nosex .
--exclude: 94671 variants remaining.
Using 1 thread (no multithreaded calculations invoked).
Before main variant filters, 1 founder and 0 nonfounders present.
Calculating allele frequencies... done.
94671 variants and 1 person pass filters and QC.
Note: No phenotypes present.
--make-bed to RefInd1_ext2.bed + RefInd1_ext2.bim + RefInd1_ext2.fam ... done.

End time: Fri Jun 14 13:52:38 2019
