PLINK v1.90b4.9 64-bit (13 Oct 2017)
Options in effect:
  --bfile refpops2
  --flip MergeRefPop1-merge.missnp
  --make-bed
  --out refpops3

Hostname: rackham1.uppmax.uu.se
Working directory: /crex/proj/snic2019-8-208/Workshop/working_folder
Start time: Fri Jun 14 14:16:44 2019

Random number seed: 1560514604
257386 MB RAM detected; reserving 128693 MB for main workspace.
14882 variants loaded from .bim file.
60 people (23 males, 11 females, 26 ambiguous) loaded from .fam.
Ambiguous sex IDs written to refpops3.nosex .
--flip: 7573 SNPs flipped.
Using 1 thread (no multithreaded calculations invoked).
Before main variant filters, 60 founders and 0 nonfounders present.
Calculating allele frequencies... done.
14882 variants and 60 people pass filters and QC.
Note: No phenotypes present.
--make-bed to refpops3.bed + refpops3.bim + refpops3.fam ... done.

End time: Fri Jun 14 14:16:44 2019
