PLINK v1.90b4.9 64-bit (13 Oct 2017)
Options in effect:
  --bfile unk1
  --out unk1_tped
  --recode transpose

Hostname: rackham1.uppmax.uu.se
Working directory: /crex/proj/snic2019-8-208/Workshop/working_folder
Start time: Fri Jun 14 11:38:34 2019

Random number seed: 1560505114
257386 MB RAM detected; reserving 128693 MB for main workspace.
127821 variants loaded from .bim file.
80 people (41 males, 39 females) loaded from .fam.
Using 1 thread (no multithreaded calculations invoked).
Before main variant filters, 80 founders and 0 nonfounders present.
Calculating allele frequencies... done.
Total genotyping rate is 0.96554.
127821 variants and 80 people pass filters and QC.
Note: No phenotypes present.
--recode transpose to unk1_tped.tped + unk1_tped.tfam ... done.

End time: Fri Jun 14 11:38:35 2019
