PLINK v1.90b4.9 64-bit (13 Oct 2017)
Options in effect:
  --bfile unk4
  --keep list3
  --make-bed
  --out unk4_3

Hostname: rackham1.uppmax.uu.se
Working directory: /crex/proj/snic2019-8-208/Workshop/working_folder
Start time: Fri Jun 14 14:41:09 2019

Random number seed: 1560516069
257386 MB RAM detected; reserving 128693 MB for main workspace.
98345 variants loaded from .bim file.
79 people (41 males, 38 females) loaded from .fam.
--keep: 19 people remaining.
Using 1 thread (no multithreaded calculations invoked).
Before main variant filters, 19 founders and 0 nonfounders present.
Calculating allele frequencies... done.
Total genotyping rate in remaining samples is 0.970972.
98345 variants and 19 people pass filters and QC.
Note: No phenotypes present.
--make-bed to unk4_3.bed + unk4_3.bim + unk4_3.fam ... done.

End time: Fri Jun 14 14:41:10 2019
