PLINK v1.90b4.9 64-bit (13 Oct 2017)
Options in effect:
  --bfile unk4_1
  --hwe 0.01
  --make-bed
  --out unk4_1h

Hostname: rackham1.uppmax.uu.se
Working directory: /crex/proj/snic2019-8-208/Workshop/working_folder
Start time: Fri Jun 14 14:41:39 2019

Random number seed: 1560516099
257386 MB RAM detected; reserving 128693 MB for main workspace.
98026 variants loaded from .bim file.
20 people (3 males, 17 females) loaded from .fam.
Using 1 thread (no multithreaded calculations invoked).
Before main variant filters, 20 founders and 0 nonfounders present.
Calculating allele frequencies... done.
Total genotyping rate is 0.981143.
Warning: --hwe observation counts vary by more than 10%.  Consider using
--geno, and/or applying different p-value thresholds to distinct subsets of
your data.
--hwe: 0 variants removed due to Hardy-Weinberg exact test.
98026 variants and 20 people pass filters and QC.
Note: No phenotypes present.
--make-bed to unk4_1h.bed + unk4_1h.bim + unk4_1h.fam ... done.

End time: Fri Jun 14 14:41:39 2019
