PLINK v1.90b4.9 64-bit (13 Oct 2017)
Options in effect:
  --bfile unk3
  --maf 0.01
  --make-bed
  --out unk4

Hostname: rackham1.uppmax.uu.se
Working directory: /crex/proj/snic2019-8-208/Workshop/working_folder
Start time: Fri Jun 14 13:29:16 2019

Random number seed: 1560511756
257386 MB RAM detected; reserving 128693 MB for main workspace.
121202 variants loaded from .bim file.
79 people (41 males, 38 females) loaded from .fam.
Using 1 thread (no multithreaded calculations invoked).
Before main variant filters, 79 founders and 0 nonfounders present.
Calculating allele frequencies... done.
Total genotyping rate is 0.981626.
22857 variants removed due to minor allele threshold(s)
(--maf/--max-maf/--mac/--max-mac).
98345 variants and 79 people pass filters and QC.
Note: No phenotypes present.
--make-bed to unk4.bed + unk4.bim + unk4.fam ... done.

End time: Fri Jun 14 13:29:16 2019
