PLINK v1.90b4.9 64-bit (13 Oct 2017)
Options in effect:
  --bfile unk4
  --hwe 0.001
  --make-bed
  --out unk5

Hostname: rackham1.uppmax.uu.se
Working directory: /crex/proj/snic2019-8-208/Workshop/working_folder
Start time: Fri Jun 14 13:34:52 2019

Random number seed: 1560512092
257386 MB RAM detected; reserving 128693 MB for main workspace.
98345 variants loaded from .bim file.
79 people (41 males, 38 females) loaded from .fam.
Using 1 thread (no multithreaded calculations invoked).
Before main variant filters, 79 founders and 0 nonfounders present.
Calculating allele frequencies... done.
Total genotyping rate is 0.978889.
Warning: --hwe observation counts vary by more than 10%.  Consider using
--geno, and/or applying different p-value thresholds to distinct subsets of
your data.
--hwe: 565 variants removed due to Hardy-Weinberg exact test.
97780 variants and 79 people pass filters and QC.
Note: No phenotypes present.
--make-bed to unk5.bed + unk5.bim + unk5.fam ... done.

End time: Fri Jun 14 13:34:52 2019
